2025-10-02 10:05:31.3148|INFO|Microsoft.Hosting.Lifetime|Application started. Press Ctrl+C to shut down. 
2025-10-02 10:05:31.3236|INFO|Microsoft.Hosting.Lifetime|Hosting environment: Production 
2025-10-02 10:05:31.3236|INFO|Microsoft.Hosting.Lifetime|Content root path: D:\Qiosk\src\Qiosk.App\bin\Release\net8.0-windows7.0\ 
2025-10-02 10:05:31.8356|INFO|Qiosk.App.Services.QrScannerService|Porneste camera cu moniker @device:pnp:\\?\usb#vid_30c9&pid_00c2&mi_00#6&3158ba07&0&0000#{65e8773d-8f56-11d0-a3b9-00a0c9223196}\global 
2025-10-02 10:05:31.8810|ERROR|Qiosk.App.ViewModels.ShellViewModel|Fisierul Excel lipseste. System.IO.FileNotFoundException: Nu gasesc fi?ierul Excel la calea 'D:\Qiosk\src\Qiosk.App\bin\Release\net8.0-windows7.0\Data\attendees.xlsx'.
File name: 'D:\Qiosk\src\Qiosk.App\bin\Release\net8.0-windows7.0\Data\attendees.xlsx'
   at Qiosk.App.Services.ExcelAttendeeRepository.LoadAsync(CancellationToken cancellationToken) in D:\qiosk\src\Qiosk.App\Services\ExcelAttendeeRepository.cs:line 69
   at Qiosk.App.ViewModels.ShellViewModel.LoadAttendeesAsync(CancellationToken cancellationToken) in D:\qiosk\src\Qiosk.App\ViewModels\ShellViewModel.cs:line 389
2025-10-02 10:05:31.9169|INFO|Qiosk.App.Services.QrScannerService|Oprire camera QR 
2025-10-02 10:05:33.1652|INFO|Qiosk.App.Services.QrScannerService|Porneste camera cu moniker @device:pnp:\\?\usb#vid_30c9&pid_00c2&mi_00#6&3158ba07&0&0000#{65e8773d-8f56-11d0-a3b9-00a0c9223196}\global 
2025-10-02 10:05:59.2890|INFO|Qiosk.App.Services.QrScannerService|Oprire camera QR 
2025-10-02 10:06:23.3096|INFO|Microsoft.Hosting.Lifetime|Application started. Press Ctrl+C to shut down. 
2025-10-02 10:06:23.3187|INFO|Microsoft.Hosting.Lifetime|Hosting environment: Production 
2025-10-02 10:06:23.3279|INFO|Microsoft.Hosting.Lifetime|Content root path: D:\Qiosk\src\Qiosk.App\bin\Release\net8.0-windows7.0\ 
2025-10-02 10:06:23.8145|INFO|Qiosk.App.Services.QrScannerService|Porneste camera cu moniker @device:pnp:\\?\usb#vid_30c9&pid_00c2&mi_00#6&3158ba07&0&0000#{65e8773d-8f56-11d0-a3b9-00a0c9223196}\global 
2025-10-02 10:06:23.8262|INFO|Qiosk.App.Services.ExcelAttendeeRepository|Loading attendees from D:\Qiosk\src\Qiosk.App\bin\Release\net8.0-windows7.0\Data\attendees.xlsx 
2025-10-02 10:06:24.4771|INFO|Qiosk.App.Services.ExcelAttendeeRepository|Loaded 2 attendees from Excel. 
2025-10-02 10:06:24.4771|INFO|Qiosk.App.ViewModels.ShellViewModel|2 participanti incarcati din Excel. 
2025-10-02 10:06:24.4771|INFO|Qiosk.App.Services.QrScannerService|Oprire camera QR 
2025-10-02 10:06:25.0789|INFO|Qiosk.App.Services.QrScannerService|Porneste camera cu moniker @device:pnp:\\?\usb#vid_30c9&pid_00c2&mi_00#6&3158ba07&0&0000#{65e8773d-8f56-11d0-a3b9-00a0c9223196}\global 
2025-10-02 10:06:51.0291|INFO|Qiosk.App.Services.QrScannerService|Cod QR detectat: https://www.quartzmatrix.ro/wp-admin/edit.php?post_type=etn-attendee&etn_action=ticket_scanner&attendee_id=10788&ticket_id=mh063yroy6 
2025-10-02 10:06:54.6384|ERROR|Qiosk.App.ViewModels.ShellViewModel|Eroare la printarea ecusonului. System.Runtime.InteropServices.COMException (0x800A11FD): This method or property is not available because a document window is not active.
   at Microsoft.Office.Interop.Word.DocumentClass.PrintOut(Object& Background, Object& Append, Object& Range, Object& OutputFileName, Object& From, Object& To, Object& Item, Object& Copies, Object& Pages, Object& PageType, Object& PrintToFile, Object& Collate, Object& ActivePrinterMacGX, Object& ManualDuplexPrint, Object& PrintZoomColumn, Object& PrintZoomRow, Object& PrintZoomPaperWidth, Object& PrintZoomPaperHeight)
   at Qiosk.App.Services.DocxBadgePrinter.<>c__DisplayClass3_0.<PrintWithWordAsync>b__0() in D:\qiosk\src\Qiosk.App\Services\DocxBadgePrinter.cs:line 75
   at Qiosk.App.Services.DocxBadgePrinter.<>c__DisplayClass7_0.<RunOnStaThreadAsync>b__1() in D:\qiosk\src\Qiosk.App\Services\DocxBadgePrinter.cs:line 170
--- End of stack trace from previous location ---
   at Qiosk.App.Services.DocxBadgePrinter.PrintAsync(Attendee attendee, String printerName, String templatePath, CancellationToken cancellationToken) in D:\qiosk\src\Qiosk.App\Services\DocxBadgePrinter.cs:line 43
   at Qiosk.App.ViewModels.ShellViewModel.ConfirmCurrentAsync() in D:\qiosk\src\Qiosk.App\ViewModels\ShellViewModel.cs:line 198
2025-10-02 10:07:02.8604|INFO|Qiosk.App.Services.QrScannerService|Oprire camera QR 
2025-10-02 10:15:27.0414|INFO|Microsoft.Hosting.Lifetime|Application started. Press Ctrl+C to shut down. 
2025-10-02 10:15:27.0760|INFO|Microsoft.Hosting.Lifetime|Hosting environment: Production 
2025-10-02 10:15:27.0760|INFO|Microsoft.Hosting.Lifetime|Content root path: D:\Qiosk\src\Qiosk.App\bin\Release\net8.0-windows7.0\ 
2025-10-02 10:15:27.5599|INFO|Qiosk.App.Services.QrScannerService|Porneste camera cu moniker @device:pnp:\\?\usb#vid_30c9&pid_00c2&mi_00#6&3158ba07&0&0000#{65e8773d-8f56-11d0-a3b9-00a0c9223196}\global 
2025-10-02 10:15:27.5777|INFO|Qiosk.App.Services.ExcelAttendeeRepository|Loading attendees from D:\Qiosk\src\Qiosk.App\bin\Release\net8.0-windows7.0\Data\attendees.xlsx 
2025-10-02 10:15:28.2405|INFO|Qiosk.App.Services.ExcelAttendeeRepository|Loaded 2 attendees from Excel. 
2025-10-02 10:15:28.2405|INFO|Qiosk.App.ViewModels.ShellViewModel|2 participanti incarcati din Excel. 
2025-10-02 10:15:28.2405|INFO|Qiosk.App.Services.QrScannerService|Oprire camera QR 
2025-10-02 10:15:28.9489|INFO|Qiosk.App.Services.QrScannerService|Porneste camera cu moniker @device:pnp:\\?\usb#vid_30c9&pid_00c2&mi_00#6&3158ba07&0&0000#{65e8773d-8f56-11d0-a3b9-00a0c9223196}\global 
2025-10-02 10:15:34.5474|INFO|Qiosk.App.Services.QrScannerService|Cod QR detectat: https://www.quartzmatrix.ro/wp-admin/edit.php?post_type=etn-attendee&etn_action=ticket_scanner&attendee_id=10788&ticket_id=mh063yroy6 
2025-10-02 10:16:45.4255|INFO|Qiosk.App.Services.QrScannerService|Cod QR detectat: https://www.quartzmatrix.ro/wp-admin/edit.php?post_type=etn-attendee&etn_action=ticket_scanner&attendee_id=10788&ticket_id=mh063yroy6 
2025-10-02 10:21:55.9233|INFO|Qiosk.App.Services.QrScannerService|Cod QR detectat: https://www.quartzmatrix.ro/wp-admin/edit.php?post_type=etn-attendee&etn_action=ticket_scanner&attendee_id=10788&ticket_id=mh063yroy6 
2025-10-02 10:45:16.0439|INFO|Qiosk.App.Services.QrScannerService|Oprire camera QR 
2025-10-02 12:27:33.7383|INFO|Microsoft.Hosting.Lifetime|Application started. Press Ctrl+C to shut down. 
2025-10-02 12:27:33.7562|INFO|Microsoft.Hosting.Lifetime|Hosting environment: Production 
2025-10-02 12:27:33.7562|INFO|Microsoft.Hosting.Lifetime|Content root path: D:\Qiosk\src\Qiosk.App\bin\Release\net8.0-windows7.0\ 
2025-10-02 12:27:34.2886|INFO|Qiosk.App.Services.QrScannerService|Porneste camera cu moniker @device:pnp:\\?\usb#vid_30c9&pid_00c2&mi_00#6&3158ba07&0&0000#{65e8773d-8f56-11d0-a3b9-00a0c9223196}\global 
2025-10-02 12:27:34.3043|INFO|Qiosk.App.Services.ExcelAttendeeRepository|Loading attendees from D:\Qiosk\src\Qiosk.App\bin\Release\net8.0-windows7.0\Data\attendees.xlsx 
2025-10-02 12:27:34.4032|ERROR|Qiosk.App.ViewModels.ShellViewModel|Eroare la incarcarea participantilor. System.IO.IOException: The process cannot access the file 'D:\Qiosk\src\Qiosk.App\bin\Release\net8.0-windows7.0\Data\attendees.xlsx' because it is being used by another process.
   at Microsoft.Win32.SafeHandles.SafeFileHandle.CreateFile(String fullPath, FileMode mode, FileAccess access, FileShare share, FileOptions options)
   at Microsoft.Win32.SafeHandles.SafeFileHandle.Open(String fullPath, FileMode mode, FileAccess access, FileShare share, FileOptions options, Int64 preallocationSize, Nullable`1 unixCreateMode)
   at System.IO.Strategies.OSFileStreamStrategy..ctor(String path, FileMode mode, FileAccess access, FileShare share, FileOptions options, Int64 preallocationSize, Nullable`1 unixCreateMode)
   at System.IO.Strategies.FileStreamHelpers.ChooseStrategyCore(String path, FileMode mode, FileAccess access, FileShare share, FileOptions options, Int64 preallocationSize, Nullable`1 unixCreateMode)
   at System.IO.File.Open(String path, FileMode mode, FileAccess access, FileShare share)
   at DocumentFormat.OpenXml.Features.FilePackageFeature.CreateStream(String path, PackageOpenMode openMode)
   at DocumentFormat.OpenXml.Features.FilePackageFeature..ctor(String path, PackageOpenMode mode)
   at DocumentFormat.OpenXml.Builder.OpenXmlPackageBuilderExtensions.Open[TPackage](IPackageFactory`1 builder, String file, PackageOpenMode mode)
   at DocumentFormat.OpenXml.Builder.OpenXmlPackageBuilderExtensions.Open[TPackage](IPackageFactory`1 builder, String file, Boolean isEditing)
   at DocumentFormat.OpenXml.Packaging.SpreadsheetDocument.Open(String path, Boolean isEditable, OpenSettings openSettings)
   at DocumentFormat.OpenXml.Packaging.SpreadsheetDocument.Open(String path, Boolean isEditable)
   at ClosedXML.Excel.XLWorkbook.LoadSheets(String fileName)
   at ClosedXML.Excel.XLWorkbook.Load(String file)
   at ClosedXML.Excel.XLWorkbook..ctor(String file, LoadOptions loadOptions)
   at ClosedXML.Excel.XLWorkbook..ctor(String file)
   at Qiosk.App.Services.ExcelAttendeeRepository.LoadAsync(CancellationToken cancellationToken) in D:\qiosk\src\Qiosk.App\Services\ExcelAttendeeRepository.cs:line 74
   at Qiosk.App.ViewModels.ShellViewModel.LoadAttendeesAsync(CancellationToken cancellationToken) in D:\qiosk\src\Qiosk.App\ViewModels\ShellViewModel.cs:line 389
2025-10-02 12:27:34.4225|INFO|Qiosk.App.Services.QrScannerService|Oprire camera QR 
2025-10-02 12:27:35.6702|INFO|Qiosk.App.Services.QrScannerService|Porneste camera cu moniker @device:pnp:\\?\usb#vid_30c9&pid_00c2&mi_00#6&3158ba07&0&0000#{65e8773d-8f56-11d0-a3b9-00a0c9223196}\global 
2025-10-02 12:27:39.9179|INFO|Qiosk.App.Services.QrScannerService|Oprire camera QR 
2025-10-02 12:28:29.7753|INFO|Microsoft.Hosting.Lifetime|Application started. Press Ctrl+C to shut down. 
2025-10-02 12:28:29.8107|INFO|Microsoft.Hosting.Lifetime|Hosting environment: Production 
2025-10-02 12:28:29.8107|INFO|Microsoft.Hosting.Lifetime|Content root path: D:\Qiosk\src\Qiosk.App\bin\Release\net8.0-windows7.0\ 
2025-10-02 12:28:30.3159|INFO|Qiosk.App.Services.QrScannerService|Porneste camera cu moniker @device:pnp:\\?\usb#vid_30c9&pid_00c2&mi_00#6&3158ba07&0&0000#{65e8773d-8f56-11d0-a3b9-00a0c9223196}\global 
2025-10-02 12:28:30.3159|INFO|Qiosk.App.Services.ExcelAttendeeRepository|Loading attendees from D:\Qiosk\src\Qiosk.App\bin\Release\net8.0-windows7.0\Data\attendees.xlsx 
2025-10-02 12:28:30.9378|INFO|Qiosk.App.Services.ExcelAttendeeRepository|Loaded 2 attendees from Excel. 
2025-10-02 12:28:30.9378|INFO|Qiosk.App.ViewModels.ShellViewModel|2 participanti incarcati din Excel. 
2025-10-02 12:28:30.9378|INFO|Qiosk.App.Services.QrScannerService|Oprire camera QR 
2025-10-02 12:28:31.6859|INFO|Qiosk.App.Services.QrScannerService|Porneste camera cu moniker @device:pnp:\\?\usb#vid_30c9&pid_00c2&mi_00#6&3158ba07&0&0000#{65e8773d-8f56-11d0-a3b9-00a0c9223196}\global 
2025-10-02 12:28:44.6585|INFO|Qiosk.App.Services.QrScannerService|Cod QR detectat: https://www.quartzmatrix.ro/wp-admin/edit.php?post_type=etn-attendee&etn_action=ticket_scanner&attendee_id=10788&ticket_id=mh063yroy6 
2025-10-02 12:32:28.3942|INFO|Qiosk.App.Services.QrScannerService|Oprire camera QR 
2025-10-02 13:02:23.9222|INFO|Microsoft.Hosting.Lifetime|Application started. Press Ctrl+C to shut down. 
2025-10-02 13:02:23.9617|INFO|Microsoft.Hosting.Lifetime|Hosting environment: Production 
2025-10-02 13:02:23.9617|INFO|Microsoft.Hosting.Lifetime|Content root path: D:\Qiosk\src\Qiosk.App\bin\Release\net8.0-windows7.0\ 
2025-10-02 13:02:25.2858|INFO|Qiosk.App.Services.QrScannerService|Porneste camera cu moniker @device:pnp:\\?\usb#vid_30c9&pid_00c2&mi_00#6&3158ba07&0&0000#{65e8773d-8f56-11d0-a3b9-00a0c9223196}\global 
2025-10-02 13:02:25.3488|INFO|Qiosk.App.Services.ExcelAttendeeRepository|Loading attendees from D:\Qiosk\src\Qiosk.App\bin\Release\net8.0-windows7.0\Data\attendees.xlsx 
2025-10-02 13:02:26.9071|INFO|Qiosk.App.Services.ExcelAttendeeRepository|Loaded 2 attendees from Excel. 
2025-10-02 13:02:26.9071|INFO|Qiosk.App.ViewModels.ShellViewModel|2 participanti incarcati din Excel. 
2025-10-02 13:02:26.9071|INFO|Qiosk.App.Services.QrScannerService|Oprire camera QR 
2025-10-02 13:02:27.8591|INFO|Qiosk.App.Services.QrScannerService|Porneste camera cu moniker @device:pnp:\\?\usb#vid_30c9&pid_00c2&mi_00#6&3158ba07&0&0000#{65e8773d-8f56-11d0-a3b9-00a0c9223196}\global 
2025-10-02 13:02:31.4719|INFO|Qiosk.App.Services.ExcelAttendeeRepository|Loading attendees from D:\Qiosk\src\Qiosk.App\bin\Release\net8.0-windows7.0\Data\attendees.xlsx 
2025-10-02 13:02:31.4981|INFO|Qiosk.App.Services.ExcelAttendeeRepository|Loaded 2 attendees from Excel. 
2025-10-02 13:02:31.4981|INFO|Qiosk.App.ViewModels.ShellViewModel|2 participanti incarcati din Excel. 
2025-10-02 13:07:29.4630|INFO|Microsoft.Hosting.Lifetime|Application started. Press Ctrl+C to shut down. 
2025-10-02 13:07:29.5028|INFO|Microsoft.Hosting.Lifetime|Hosting environment: Production 
2025-10-02 13:07:29.5028|INFO|Microsoft.Hosting.Lifetime|Content root path: D:\Qiosk\src\Qiosk.App\bin\Release\net8.0-windows7.0\ 
2025-10-02 13:07:30.8027|INFO|Qiosk.App.Services.QrScannerService|Porneste camera cu moniker @device:pnp:\\?\usb#vid_30c9&pid_00c2&mi_00#6&3158ba07&0&0000#{65e8773d-8f56-11d0-a3b9-00a0c9223196}\global 
2025-10-02 13:07:30.8286|INFO|Qiosk.App.Services.ExcelAttendeeRepository|Loading attendees from D:\Qiosk\src\Qiosk.App\bin\Release\net8.0-windows7.0\Data\attendees.xlsx 
2025-10-02 13:07:32.4237|INFO|Qiosk.App.Services.ExcelAttendeeRepository|Loaded 2 attendees from Excel. 
2025-10-02 13:07:32.4313|INFO|Qiosk.App.ViewModels.ShellViewModel|2 participanti incarcati din Excel. 
2025-10-02 13:07:32.4313|INFO|Qiosk.App.Services.QrScannerService|Oprire camera QR 
2025-10-02 13:07:33.0711|INFO|Qiosk.App.Services.QrScannerService|Porneste camera cu moniker @device:pnp:\\?\usb#vid_30c9&pid_00c2&mi_00#6&3158ba07&0&0000#{65e8773d-8f56-11d0-a3b9-00a0c9223196}\global 
2025-10-02 13:07:36.1004|INFO|Qiosk.App.Services.ExcelAttendeeRepository|Loading attendees from D:\Qiosk\src\Qiosk.App\bin\Release\net8.0-windows7.0\Data\attendees.xlsx 
2025-10-02 13:07:36.1421|INFO|Qiosk.App.Services.ExcelAttendeeRepository|Loaded 2 attendees from Excel. 
2025-10-02 13:07:36.1421|INFO|Qiosk.App.ViewModels.ShellViewModel|2 participanti incarcati din Excel. 
2025-10-02 13:07:40.7409|INFO|Qiosk.App.Services.QrScannerService|Oprire camera QR 
2025-10-02 13:12:00.2595|INFO|Microsoft.Hosting.Lifetime|Application started. Press Ctrl+C to shut down. 
2025-10-02 13:12:00.2805|INFO|Microsoft.Hosting.Lifetime|Hosting environment: Production 
2025-10-02 13:12:00.3001|INFO|Microsoft.Hosting.Lifetime|Content root path: D:\Qiosk\src\Qiosk.App\bin\Release\net8.0-windows7.0\ 
2025-10-02 13:12:01.6758|INFO|Qiosk.App.Services.QrScannerService|Porneste camera cu moniker @device:pnp:\\?\usb#vid_30c9&pid_00c2&mi_00#6&3158ba07&0&0000#{65e8773d-8f56-11d0-a3b9-00a0c9223196}\global 
2025-10-02 13:12:01.7181|INFO|Qiosk.App.Services.ExcelAttendeeRepository|Loading attendees from D:\Qiosk\src\Qiosk.App\bin\Release\net8.0-windows7.0\Data\attendees.xlsx 
2025-10-02 13:12:03.3559|INFO|Qiosk.App.Services.ExcelAttendeeRepository|Loaded 2 attendees from Excel. 
2025-10-02 13:12:03.3690|INFO|Qiosk.App.ViewModels.ShellViewModel|2 participanti incarcati din Excel. 
2025-10-02 13:12:03.3690|INFO|Qiosk.App.Services.QrScannerService|Oprire camera QR 
2025-10-02 13:12:04.5569|INFO|Qiosk.App.Services.QrScannerService|Porneste camera cu moniker @device:pnp:\\?\usb#vid_30c9&pid_00c2&mi_00#6&3158ba07&0&0000#{65e8773d-8f56-11d0-a3b9-00a0c9223196}\global 
2025-10-02 13:12:08.5402|INFO|Qiosk.App.Services.ExcelAttendeeRepository|Loading attendees from D:\Qiosk\src\Qiosk.App\bin\Release\net8.0-windows7.0\Data\attendees.xlsx 
2025-10-02 13:12:08.5706|INFO|Qiosk.App.Services.ExcelAttendeeRepository|Loaded 2 attendees from Excel. 
2025-10-02 13:12:08.5706|INFO|Qiosk.App.ViewModels.ShellViewModel|2 participanti incarcati din Excel. 
2025-10-02 13:12:14.4170|INFO|Qiosk.App.Services.QrScannerService|Oprire camera QR 
2025-10-02 13:16:39.3249|INFO|Microsoft.Hosting.Lifetime|Application started. Press Ctrl+C to shut down. 
2025-10-02 13:16:39.3686|INFO|Microsoft.Hosting.Lifetime|Hosting environment: Production 
2025-10-02 13:16:39.3686|INFO|Microsoft.Hosting.Lifetime|Content root path: D:\Qiosk\src\Qiosk.App\bin\Release\net8.0-windows7.0\ 
2025-10-02 13:16:40.6112|INFO|Qiosk.App.Services.QrScannerService|Porneste camera cu moniker @device:pnp:\\?\usb#vid_30c9&pid_00c2&mi_00#6&3158ba07&0&0000#{65e8773d-8f56-11d0-a3b9-00a0c9223196}\global 
2025-10-02 13:16:40.6377|INFO|Qiosk.App.Services.ExcelAttendeeRepository|Loading attendees from D:\Qiosk\src\Qiosk.App\bin\Release\net8.0-windows7.0\Data\attendees.xlsx 
2025-10-02 13:16:41.4068|INFO|Qiosk.App.Services.QrScannerService|Oprire camera QR 
2025-10-02 13:16:42.1730|INFO|Qiosk.App.Services.ExcelAttendeeRepository|Loaded 2 attendees from Excel. 
2025-10-02 13:16:42.1811|INFO|Qiosk.App.ViewModels.ShellViewModel|2 participanti incarcati din Excel. 
2025-10-02 13:17:03.3078|INFO|Microsoft.Hosting.Lifetime|Application started. Press Ctrl+C to shut down. 
2025-10-02 13:17:03.3438|INFO|Microsoft.Hosting.Lifetime|Hosting environment: Production 
2025-10-02 13:17:03.3438|INFO|Microsoft.Hosting.Lifetime|Content root path: D:\Qiosk\src\Qiosk.App\bin\Release\net8.0-windows7.0\ 
2025-10-02 13:17:04.3165|INFO|Qiosk.App.Services.QrScannerService|Porneste camera cu moniker @device:pnp:\\?\usb#vid_30c9&pid_00c2&mi_00#6&3158ba07&0&0000#{65e8773d-8f56-11d0-a3b9-00a0c9223196}\global 
2025-10-02 13:17:04.3395|INFO|Qiosk.App.Services.ExcelAttendeeRepository|Loading attendees from D:\Qiosk\src\Qiosk.App\bin\Release\net8.0-windows7.0\Data\attendees.xlsx 
2025-10-02 13:17:05.5477|INFO|Qiosk.App.Services.ExcelAttendeeRepository|Loaded 2 attendees from Excel. 
2025-10-02 13:17:05.5549|INFO|Qiosk.App.ViewModels.ShellViewModel|2 participanti incarcati din Excel. 
2025-10-02 13:17:05.5549|INFO|Qiosk.App.Services.QrScannerService|Oprire camera QR 
2025-10-02 13:17:06.0766|INFO|Qiosk.App.Services.QrScannerService|Porneste camera cu moniker @device:pnp:\\?\usb#vid_30c9&pid_00c2&mi_00#6&3158ba07&0&0000#{65e8773d-8f56-11d0-a3b9-00a0c9223196}\global 
2025-10-02 13:17:08.3071|INFO|Qiosk.App.Services.ExcelAttendeeRepository|Loading attendees from D:\Qiosk\src\Qiosk.App\bin\Release\net8.0-windows7.0\Data\attendees.xlsx 
2025-10-02 13:17:08.3322|INFO|Qiosk.App.Services.ExcelAttendeeRepository|Loaded 2 attendees from Excel. 
2025-10-02 13:17:08.3322|INFO|Qiosk.App.ViewModels.ShellViewModel|2 participanti incarcati din Excel. 
2025-10-02 13:17:09.5193|INFO|Qiosk.App.Services.QrScannerService|Oprire camera QR 
2025-10-02 13:19:53.4127|INFO|Microsoft.Hosting.Lifetime|Application started. Press Ctrl+C to shut down. 
2025-10-02 13:19:53.4524|INFO|Microsoft.Hosting.Lifetime|Hosting environment: Production 
2025-10-02 13:19:53.4524|INFO|Microsoft.Hosting.Lifetime|Content root path: D:\Qiosk\src\Qiosk.App\bin\Release\net8.0-windows7.0\ 
2025-10-02 13:19:54.5309|INFO|Qiosk.App.Services.QrScannerService|Porneste camera cu moniker @device:pnp:\\?\usb#vid_30c9&pid_00c2&mi_00#6&3158ba07&0&0000#{65e8773d-8f56-11d0-a3b9-00a0c9223196}\global 
2025-10-02 13:19:54.5597|INFO|Qiosk.App.Services.ExcelAttendeeRepository|Loading attendees from D:\Qiosk\src\Qiosk.App\bin\Release\net8.0-windows7.0\Data\attendees.xlsx 
2025-10-02 13:19:56.1232|INFO|Qiosk.App.Services.ExcelAttendeeRepository|Loaded 2 attendees from Excel. 
2025-10-02 13:19:56.1232|INFO|Qiosk.App.ViewModels.ShellViewModel|2 participanti incarcati din Excel. 
2025-10-02 13:19:56.1339|INFO|Qiosk.App.Services.QrScannerService|Oprire camera QR 
2025-10-02 13:19:56.7978|INFO|Qiosk.App.Services.QrScannerService|Porneste camera cu moniker @device:pnp:\\?\usb#vid_30c9&pid_00c2&mi_00#6&3158ba07&0&0000#{65e8773d-8f56-11d0-a3b9-00a0c9223196}\global 
2025-10-02 13:20:03.1535|INFO|Qiosk.App.Services.QrScannerService|Oprire camera QR 
2025-10-02 13:20:03.8703|INFO|Microsoft.Hosting.Lifetime|Application is shutting down... 
2025-10-02 13:40:35.6061|INFO|Microsoft.Hosting.Lifetime|Application started. Press Ctrl+C to shut down. 
2025-10-02 13:40:35.6163|INFO|Microsoft.Hosting.Lifetime|Hosting environment: Production 
2025-10-02 13:40:35.6245|INFO|Microsoft.Hosting.Lifetime|Content root path: D:\Qiosk\src\Qiosk.App\bin\Release\net8.0-windows7.0\ 
2025-10-02 13:40:36.1672|INFO|Qiosk.App.Services.QrScannerService|Porneste camera cu moniker @device:pnp:\\?\usb#vid_30c9&pid_00c2&mi_00#6&3158ba07&0&0000#{65e8773d-8f56-11d0-a3b9-00a0c9223196}\global 
2025-10-02 13:40:36.1831|INFO|Qiosk.App.Services.ExcelAttendeeRepository|Loading attendees from D:\Qiosk\src\Qiosk.App\bin\Release\net8.0-windows7.0\Data\attendees.xlsx 
2025-10-02 13:40:36.8761|INFO|Qiosk.App.Services.ExcelAttendeeRepository|Loaded 2 attendees from Excel. 
2025-10-02 13:40:36.8761|INFO|Qiosk.App.ViewModels.ShellViewModel|2 participanti incarcati din Excel. 
2025-10-02 13:40:36.8761|INFO|Qiosk.App.Services.QrScannerService|Oprire camera QR 
2025-10-02 13:40:37.6359|INFO|Qiosk.App.Services.QrScannerService|Porneste camera cu moniker @device:pnp:\\?\usb#vid_30c9&pid_00c2&mi_00#6&3158ba07&0&0000#{65e8773d-8f56-11d0-a3b9-00a0c9223196}\global 
2025-10-02 13:40:38.9569|INFO|Qiosk.App.Services.QrScannerService|Oprire camera QR 
2025-10-02 13:40:39.5571|INFO|Microsoft.Hosting.Lifetime|Application is shutting down... 
2025-10-02 13:41:02.6020|INFO|Microsoft.Hosting.Lifetime|Application started. Press Ctrl+C to shut down. 
2025-10-02 13:41:02.6375|INFO|Microsoft.Hosting.Lifetime|Hosting environment: Production 
2025-10-02 13:41:02.6375|INFO|Microsoft.Hosting.Lifetime|Content root path: D:\Qiosk\src\Qiosk.App\bin\Release\net8.0-windows7.0\ 
2025-10-02 13:41:03.2040|INFO|Qiosk.App.Services.QrScannerService|Porneste camera cu moniker @device:pnp:\\?\usb#vid_30c9&pid_00c2&mi_00#6&3158ba07&0&0000#{65e8773d-8f56-11d0-a3b9-00a0c9223196}\global 
2025-10-02 13:41:03.2171|INFO|Qiosk.App.Services.ExcelAttendeeRepository|Loading attendees from D:\Qiosk\src\Qiosk.App\bin\Release\net8.0-windows7.0\Data\attendees.xlsx 
2025-10-02 13:41:03.9475|INFO|Qiosk.App.Services.ExcelAttendeeRepository|Loaded 2 attendees from Excel. 
2025-10-02 13:41:03.9475|INFO|Qiosk.App.ViewModels.ShellViewModel|2 participanti incarcati din Excel. 
2025-10-02 13:41:03.9475|INFO|Qiosk.App.Services.QrScannerService|Oprire camera QR 
2025-10-02 13:41:04.5249|INFO|Qiosk.App.Services.QrScannerService|Porneste camera cu moniker @device:pnp:\\?\usb#vid_30c9&pid_00c2&mi_00#6&3158ba07&0&0000#{65e8773d-8f56-11d0-a3b9-00a0c9223196}\global 
2025-10-02 13:42:00.5739|INFO|Qiosk.App.Services.QrScannerService|Oprire camera QR 
2025-10-02 13:42:01.1427|INFO|Microsoft.Hosting.Lifetime|Application is shutting down... 
